Build started 20/09/2016 01:35:29.
     1>Project "C:\Researchwork\VCProj\HiddenImageData\HiddenImageData\HiddenImageData.vcxproj" on node 2 (build target(s)).
     1>InitializeBuildStatus:
         Creating "Release\HiddenImageData.unsuccessfulbuild" because "AlwaysCreate" was specified.
       ClCompile:
         c:\Program Files (x86)\Microsoft Visual Studio 10.0\VC\bin\CL.exe /c /I./include /Zi /nologo /W3 /WX- /O2 /Oi /Oy- /GL /D WIN32 /D NDEBUG /D _CONSOLE /D _UNICODE /D UNICODE /Gm- /EHsc /MD /GS /Gy /fp:precise /Zc:wchar_t /Zc:forScope /Fo"Release\\" /Fd"Release\vc100.pdb" /Gd /TP /analyze- /errorReport:prompt main.cpp
         main.cpp
     1>main.cpp(16): warning C4244: '=' : conversion from 'std::streamoff' to 'int', possible loss of data
       Link:
         c:\Program Files (x86)\Microsoft Visual Studio 10.0\VC\bin\link.exe /ERRORREPORT:PROMPT /OUT:"C:\Researchwork\VCProj\HiddenImageData\Release\HiddenImageData.exe" /INCREMENTAL:NO /NOLOGO /LIBPATH:./lib opencv_imgproc247.lib opencv_core247.lib opencv_highgui247.lib kernel32.lib user32.lib gdi32.lib winspool.lib comdlg32.lib advapi32.lib shell32.lib ole32.lib oleaut32.lib uuid.lib odbc32.lib odbccp32.lib /MANIFEST /ManifestFile:"Release\HiddenImageData.exe.intermediate.manifest" /MANIFESTUAC:"level='asInvoker' uiAccess='false'" /DEBUG /PDB:"C:\Researchwork\VCProj\HiddenImageData\Release\HiddenImageData.pdb" /SUBSYSTEM:CONSOLE /OPT:REF /OPT:ICF /LTCG /TLBID:1 /DYNAMICBASE /NXCOMPAT /IMPLIB:"C:\Researchwork\VCProj\HiddenImageData\Release\HiddenImageData.lib" /MACHINE:X86 Release\main.obj
         Generating code
         Finished generating code
         HiddenImageData.vcxproj -> C:\Researchwork\VCProj\HiddenImageData\Release\HiddenImageData.exe
       Manifest:
         c:\Program Files (x86)\Microsoft SDKs\Windows\v7.0A\bin\mt.exe /nologo /verbose /outputresource:"C:\Researchwork\VCProj\HiddenImageData\Release\HiddenImageData.exe;#1" /manifest Release\HiddenImageData.exe.intermediate.manifest
       FinalizeBuildStatus:
         Deleting file "Release\HiddenImageData.unsuccessfulbuild".
         Touching "Release\HiddenImageData.lastbuildstate".
     1>Done Building Project "C:\Researchwork\VCProj\HiddenImageData\HiddenImageData\HiddenImageData.vcxproj" (build target(s)).

Build succeeded.

Time Elapsed 00:00:02.71
