C:\RESEARCHWORK\VCPROJ\HIDDENIMAGEDATA\DEBUG\HIDDENIMAGEDATA.EXE
C:\RESEARCHWORK\VCPROJ\HIDDENIMAGEDATA\DEBUG\HIDDENIMAGEDATA.ILK
C:\RESEARCHWORK\VCPROJ\HIDDENIMAGEDATA\DEBUG\HIDDENIMAGEDATA.PDB
C:\Researchwork\VCProj\HiddenImageData\HiddenImageData\Debug\cl.command.1.tlog
C:\Researchwork\VCProj\HiddenImageData\HiddenImageData\Debug\CL.read.1.tlog
C:\Researchwork\VCProj\HiddenImageData\HiddenImageData\Debug\CL.write.1.tlog
C:\RESEARCHWORK\VCPROJ\HIDDENIMAGEDATA\HIDDENIMAGEDATA\DEBUG\HIDDENIMAGEDATA.EXE.EMBED.MANIFEST
C:\RESEARCHWORK\VCPROJ\HIDDENIMAGEDATA\HIDDENIMAGEDATA\DEBUG\HIDDENIMAGEDATA.EXE.EMBED.MANIFEST.RES
C:\RESEARCHWORK\VCPROJ\HIDDENIMAGEDATA\HIDDENIMAGEDATA\DEBUG\HIDDENIMAGEDATA.EXE.INTERMEDIATE.MANIFEST
C:\Researchwork\VCProj\HiddenImageData\HiddenImageData\Debug\HiddenImageData.write.1.tlog
C:\Researchwork\VCProj\HiddenImageData\HiddenImageData\Debug\HiddenImageData_manifest.rc
C:\Researchwork\VCProj\HiddenImageData\HiddenImageData\Debug\link.4584.read.1.tlog
C:\Researchwork\VCProj\HiddenImageData\HiddenImageData\Debug\link.4584.write.1.tlog
C:\Researchwork\VCProj\HiddenImageData\HiddenImageData\Debug\link.4584-cvtres.read.1.tlog
C:\Researchwork\VCProj\HiddenImageData\HiddenImageData\Debug\link.4584-cvtres.write.1.tlog
C:\Researchwork\VCProj\HiddenImageData\HiddenImageData\Debug\link.command.1.tlog
C:\Researchwork\VCProj\HiddenImageData\HiddenImageData\Debug\link.read.1.tlog
C:\Researchwork\VCProj\HiddenImageData\HiddenImageData\Debug\link.write.1.tlog
C:\Researchwork\VCProj\HiddenImageData\HiddenImageData\Debug\link-cvtres.read.1.tlog
C:\Researchwork\VCProj\HiddenImageData\HiddenImageData\Debug\link-cvtres.write.1.tlog
C:\RESEARCHWORK\VCPROJ\HIDDENIMAGEDATA\HIDDENIMAGEDATA\DEBUG\MAIN.OBJ
C:\Researchwork\VCProj\HiddenImageData\HiddenImageData\Debug\mt.command.1.tlog
C:\Researchwork\VCProj\HiddenImageData\HiddenImageData\Debug\mt.read.1.tlog
C:\Researchwork\VCProj\HiddenImageData\HiddenImageData\Debug\mt.write.1.tlog
C:\Researchwork\VCProj\HiddenImageData\HiddenImageData\Debug\rc.command.1.tlog
C:\Researchwork\VCProj\HiddenImageData\HiddenImageData\Debug\rc.read.1.tlog
C:\Researchwork\VCProj\HiddenImageData\HiddenImageData\Debug\rc.write.1.tlog
C:\Researchwork\VCProj\HiddenImageData\HiddenImageData\Debug\vc100.idb
C:\RESEARCHWORK\VCPROJ\HIDDENIMAGEDATA\HIDDENIMAGEDATA\DEBUG\VC100.PDB
